<?xml version="1.0" encoding="UTF-8"?>
<testng-results ignored="0" total="1" passed="1" failed="0" skipped="0">
  <reporter-output>
  </reporter-output>
  <suite started-at="2021-06-18T13:36:39Z" name="Default suite" finished-at="2021-06-18T13:36:39Z" duration-ms="79">
    <groups>
    </groups>
    <test started-at="2021-06-18T13:36:39Z" name="Default test" finished-at="2021-06-18T13:36:39Z" duration-ms="79">
      <class name="com.crm.JENKINS.Sample">
        <test-method signature="read()[pri:0, instance:com.crm.JENKINS.Sample@5cdec700]" started-at="2021-06-18T13:36:39Z" name="read" finished-at="2021-06-18T13:36:39Z" duration-ms="22" status="PASS">
          <reporter-output>
          </reporter-output>
        </test-method> <!-- read -->
      </class> <!-- com.crm.JENKINS.Sample -->
    </test> <!-- Default test -->
  </suite> <!-- Default suite -->
</testng-results>
